<?xml version="1.0" encoding="UTF-8"?>
<!-- Generated by org.testng.reporters.JUnitReportReporter -->
<testsuite hostname="DESKTOP-A74PM23" failures="0" tests="1" name="ninjaproject.register.TC_RF_001" time="9.161" errors="0" timestamp="2025-10-05T09:12:42 PKT" skipped="0">
  <testcase classname="ninjaproject.register.TC_RF_001" name="verifyRegisterWithMandatoryFields" time="9.161"/>
</testsuite> <!-- ninjaproject.register.TC_RF_001 -->
